============ Checking for C Compiler ============

int main(void) { return 0; }

cc  -fPIC ./configure-4959-19622.c -o ./configure-27021-19622.o  

ldd ./configure-27021-19622.o
	linux-gate.so.1 =>  (0x004b8000)
	libc.so.6 => /lib/tls/i686/cmov/libc.so.6 (0x00929000)
	/lib/ld-linux.so.2 (0x00ab0000)

Result is: 4.4.1, ok
##########################################

============ Checking for C Compiler flags ============

int main(void) { return 0; }

cc  -fPIC ./configure-4959-19622.c -o ./configure-27021-19622.o  -g

ldd ./configure-27021-19622.o
	linux-gate.so.1 =>  (0x00494000)
	libc.so.6 => /lib/tls/i686/cmov/libc.so.6 (0x00be0000)
	/lib/ld-linux.so.2 (0x009c7000)


int main(void) { return 0; }

cc  -fPIC -g ./configure-4959-19622.c -o ./configure-27021-19622.o  -Wall

ldd ./configure-27021-19622.o
	linux-gate.so.1 =>  (0x00a95000)
	libc.so.6 => /lib/tls/i686/cmov/libc.so.6 (0x00430000)
	/lib/ld-linux.so.2 (0x00665000)


int main(void) { return 0; }

cc  -fPIC -g -Wall ./configure-4959-19622.c -o ./configure-27021-19622.o  -O9

ldd ./configure-27021-19622.o
	linux-gate.so.1 =>  (0x0015a000)
	libc.so.6 => /lib/tls/i686/cmov/libc.so.6 (0x0015b000)
	/lib/ld-linux.so.2 (0x00d06000)


int main(void) { return 0; }

cc  -fPIC -g -Wall -O9 ./configure-4959-19622.c -o ./configure-27021-19622.o  -fexpensive-optimizations

ldd ./configure-27021-19622.o
	linux-gate.so.1 =>  (0x006fb000)
	libc.so.6 => /lib/tls/i686/cmov/libc.so.6 (0x00d7c000)
	/lib/ld-linux.so.2 (0x008ae000)


int main(void) { return 0; }

cc  -fPIC -g -Wall -O9 -fexpensive-optimizations ./configure-4959-19622.c -o ./configure-27021-19622.o  -frerun-cse-after-loop

ldd ./configure-27021-19622.o
	linux-gate.so.1 =>  (0x00d06000)
	libc.so.6 => /lib/tls/i686/cmov/libc.so.6 (0x00380000)
	/lib/ld-linux.so.2 (0x0073e000)


int main(void) { return 0; }

cc  -fPIC -g -Wall -O9 -fexpensive-optimizations -frerun-cse-after-loop ./configure-4959-19622.c -o ./configure-27021-19622.o  -fcse-follow-jumps

ldd ./configure-27021-19622.o
	linux-gate.so.1 =>  (0x0024f000)
	libc.so.6 => /lib/tls/i686/cmov/libc.so.6 (0x005f6000)
	/lib/ld-linux.so.2 (0x00bfa000)


int main(void) { return 0; }

cc  -fPIC -g -Wall -O9 -fexpensive-optimizations -frerun-cse-after-loop -fcse-follow-jumps ./configure-4959-19622.c -o ./configure-27021-19622.o  -finline-functions

ldd ./configure-27021-19622.o
	linux-gate.so.1 =>  (0x00b36000)
	libc.so.6 => /lib/tls/i686/cmov/libc.so.6 (0x00110000)
	/lib/ld-linux.so.2 (0x00ba0000)


int main(void) { return 0; }

cc  -fPIC -g -Wall -O9 -fexpensive-optimizations -frerun-cse-after-loop -fcse-follow-jumps -finline-functions ./configure-4959-19622.c -o ./configure-27021-19622.o  -fschedule-insns2

ldd ./configure-27021-19622.o
	linux-gate.so.1 =>  (0x00220000)
	libc.so.6 => /lib/tls/i686/cmov/libc.so.6 (0x00221000)
	/lib/ld-linux.so.2 (0x00e4c000)


int main(void) { return 0; }

cc  -fPIC -g -Wall -O9 -fexpensive-optimizations -frerun-cse-after-loop -fcse-follow-jumps -finline-functions -fschedule-insns2 ./configure-4959-19622.c -o ./configure-27021-19622.o  -fthread-jumps

ldd ./configure-27021-19622.o
	linux-gate.so.1 =>  (0x0073d000)
	libc.so.6 => /lib/tls/i686/cmov/libc.so.6 (0x00ce2000)
	/lib/ld-linux.so.2 (0x00171000)


int main(void) { return 0; }

cc  -fPIC -g -Wall -O9 -fexpensive-optimizations -frerun-cse-after-loop -fcse-follow-jumps -finline-functions -fschedule-insns2 -fthread-jumps ./configure-4959-19622.c -o ./configure-27021-19622.o  -fforce-addr

ldd ./configure-27021-19622.o
	linux-gate.so.1 =>  (0x005f8000)
	libc.so.6 => /lib/tls/i686/cmov/libc.so.6 (0x003f7000)
	/lib/ld-linux.so.2 (0x0094d000)


int main(void) { return 0; }

cc  -fPIC -g -Wall -O9 -fexpensive-optimizations -frerun-cse-after-loop -fcse-follow-jumps -finline-functions -fschedule-insns2 -fthread-jumps -fforce-addr ./configure-4959-19622.c -o ./configure-27021-19622.o  -fstrength-reduce

ldd ./configure-27021-19622.o
	linux-gate.so.1 =>  (0x002de000)
	libc.so.6 => /lib/tls/i686/cmov/libc.so.6 (0x00110000)
	/lib/ld-linux.so.2 (0x00528000)


int main(void) { return 0; }

cc  -fPIC -g -Wall -O9 -fexpensive-optimizations -frerun-cse-after-loop -fcse-follow-jumps -finline-functions -fschedule-insns2 -fthread-jumps -fforce-addr -fstrength-reduce ./configure-4959-19622.c -o ./configure-27021-19622.o  -funroll-loops

ldd ./configure-27021-19622.o
	linux-gate.so.1 =>  (0x00a64000)
	libc.so.6 => /lib/tls/i686/cmov/libc.so.6 (0x00aa9000)
	/lib/ld-linux.so.2 (0x00c16000)

Result is: -fPIC -g -Wall -O9 -fexpensive-optimizations -frerun-cse-after-loop -fcse-follow-jumps -finline-functions -fschedule-insns2 -fthread-jumps -fforce-addr -fstrength-reduce -funroll-loops
##########################################

============ Checking for C++ Compiler ============

int main(void) { return 0; }

c++  -fPIC ./configure-4959-19622.c -o ./configure-27021-19622.o  

ldd ./configure-27021-19622.o
	linux-gate.so.1 =>  (0x008de000)
	libstdc++.so.6 => /usr/lib/libstdc++.so.6 (0x00d70000)
	libm.so.6 => /lib/tls/i686/cmov/libm.so.6 (0x009da000)
	libgcc_s.so.1 => /lib/libgcc_s.so.1 (0x004cf000)
	libc.so.6 => /lib/tls/i686/cmov/libc.so.6 (0x00110000)
	/lib/ld-linux.so.2 (0x00b3d000)

Result is: 4.4.1, ok
##########################################

============ Checking for C++ Compiler flags ============

int main(void) { return 0; }

c++  -fPIC ./configure-4959-19622.c -o ./configure-27021-19622.o  -g

ldd ./configure-27021-19622.o
	linux-gate.so.1 =>  (0x0063b000)
	libstdc++.so.6 => /usr/lib/libstdc++.so.6 (0x0014b000)
	libm.so.6 => /lib/tls/i686/cmov/libm.so.6 (0x00fa9000)
	libgcc_s.so.1 => /lib/libgcc_s.so.1 (0x00ad5000)
	libc.so.6 => /lib/tls/i686/cmov/libc.so.6 (0x003b0000)
	/lib/ld-linux.so.2 (0x00d39000)


int main(void) { return 0; }

c++  -fPIC -g ./configure-4959-19622.c -o ./configure-27021-19622.o  -Wall

ldd ./configure-27021-19622.o
	linux-gate.so.1 =>  (0x0058a000)
	libstdc++.so.6 => /usr/lib/libstdc++.so.6 (0x00dc0000)
	libm.so.6 => /lib/tls/i686/cmov/libm.so.6 (0x00110000)
	libgcc_s.so.1 => /lib/libgcc_s.so.1 (0x00fcc000)
	libc.so.6 => /lib/tls/i686/cmov/libc.so.6 (0x00136000)
	/lib/ld-linux.so.2 (0x00a39000)


int main(void) { return 0; }

c++  -fPIC -g -Wall ./configure-4959-19622.c -o ./configure-27021-19622.o  -O9

ldd ./configure-27021-19622.o
	linux-gate.so.1 =>  (0x0082b000)
	libstdc++.so.6 => /usr/lib/libstdc++.so.6 (0x00db0000)
	libm.so.6 => /lib/tls/i686/cmov/libm.so.6 (0x00110000)
	libgcc_s.so.1 => /lib/libgcc_s.so.1 (0x008ee000)
	libc.so.6 => /lib/tls/i686/cmov/libc.so.6 (0x004ef000)
	/lib/ld-linux.so.2 (0x00a1d000)


int main(void) { return 0; }

c++  -fPIC -g -Wall -O9 ./configure-4959-19622.c -o ./configure-27021-19622.o  -fexpensive-optimizations

ldd ./configure-27021-19622.o
	linux-gate.so.1 =>  (0x00422000)
	libstdc++.so.6 => /usr/lib/libstdc++.so.6 (0x0014c000)
	libm.so.6 => /lib/tls/i686/cmov/libm.so.6 (0x00461000)
	libgcc_s.so.1 => /lib/libgcc_s.so.1 (0x0030a000)
	libc.so.6 => /lib/tls/i686/cmov/libc.so.6 (0x006c1000)
	/lib/ld-linux.so.2 (0x00a78000)


int main(void) { return 0; }

c++  -fPIC -g -Wall -O9 -fexpensive-optimizations ./configure-4959-19622.c -o ./configure-27021-19622.o  -frerun-cse-after-loop

ldd ./configure-27021-19622.o
	linux-gate.so.1 =>  (0x00f5a000)
	libstdc++.so.6 => /usr/lib/libstdc++.so.6 (0x00176000)
	libm.so.6 => /lib/tls/i686/cmov/libm.so.6 (0x00842000)
	libgcc_s.so.1 => /lib/libgcc_s.so.1 (0x00dd0000)
	libc.so.6 => /lib/tls/i686/cmov/libc.so.6 (0x00268000)
	/lib/ld-linux.so.2 (0x00955000)


int main(void) { return 0; }

c++  -fPIC -g -Wall -O9 -fexpensive-optimizations -frerun-cse-after-loop ./configure-4959-19622.c -o ./configure-27021-19622.o  -fcse-follow-jumps

ldd ./configure-27021-19622.o
	linux-gate.so.1 =>  (0x00d85000)
	libstdc++.so.6 => /usr/lib/libstdc++.so.6 (0x005ec000)
	libm.so.6 => /lib/tls/i686/cmov/libm.so.6 (0x00d31000)
	libgcc_s.so.1 => /lib/libgcc_s.so.1 (0x0091e000)
	libc.so.6 => /lib/tls/i686/cmov/libc.so.6 (0x00bb4000)
	/lib/ld-linux.so.2 (0x00b50000)


int main(void) { return 0; }

c++  -fPIC -g -Wall -O9 -fexpensive-optimizations -frerun-cse-after-loop -fcse-follow-jumps ./configure-4959-19622.c -o ./configure-27021-19622.o  -finline-functions

ldd ./configure-27021-19622.o
	linux-gate.so.1 =>  (0x00626000)
	libstdc++.so.6 => /usr/lib/libstdc++.so.6 (0x00110000)
	libm.so.6 => /lib/tls/i686/cmov/libm.so.6 (0x00740000)
	libgcc_s.so.1 => /lib/libgcc_s.so.1 (0x00202000)
	libc.so.6 => /lib/tls/i686/cmov/libc.so.6 (0x002a7000)
	/lib/ld-linux.so.2 (0x00d92000)


int main(void) { return 0; }

c++  -fPIC -g -Wall -O9 -fexpensive-optimizations -frerun-cse-after-loop -fcse-follow-jumps -finline-functions ./configure-4959-19622.c -o ./configure-27021-19622.o  -fschedule-insns2

ldd ./configure-27021-19622.o
	linux-gate.so.1 =>  (0x0086b000)
	libstdc++.so.6 => /usr/lib/libstdc++.so.6 (0x00110000)
	libm.so.6 => /lib/tls/i686/cmov/libm.so.6 (0x005af000)
	libgcc_s.so.1 => /lib/libgcc_s.so.1 (0x00202000)
	libc.so.6 => /lib/tls/i686/cmov/libc.so.6 (0x00d53000)
	/lib/ld-linux.so.2 (0x0063c000)


int main(void) { return 0; }

c++  -fPIC -g -Wall -O9 -fexpensive-optimizations -frerun-cse-after-loop -fcse-follow-jumps -finline-functions -fschedule-insns2 ./configure-4959-19622.c -o ./configure-27021-19622.o  -fthread-jumps

ldd ./configure-27021-19622.o
	linux-gate.so.1 =>  (0x00e67000)
	libstdc++.so.6 => /usr/lib/libstdc++.so.6 (0x00e88000)
	libm.so.6 => /lib/tls/i686/cmov/libm.so.6 (0x00110000)
	libgcc_s.so.1 => /lib/libgcc_s.so.1 (0x002b7000)
	libc.so.6 => /lib/tls/i686/cmov/libc.so.6 (0x003e1000)
	/lib/ld-linux.so.2 (0x00abb000)


int main(void) { return 0; }

c++  -fPIC -g -Wall -O9 -fexpensive-optimizations -frerun-cse-after-loop -fcse-follow-jumps -finline-functions -fschedule-insns2 -fthread-jumps ./configure-4959-19622.c -o ./configure-27021-19622.o  -fforce-addr

ldd ./configure-27021-19622.o
	linux-gate.so.1 =>  (0x003b7000)
	libstdc++.so.6 => /usr/lib/libstdc++.so.6 (0x00e10000)
	libm.so.6 => /lib/tls/i686/cmov/libm.so.6 (0x00797000)
	libgcc_s.so.1 => /lib/libgcc_s.so.1 (0x00dc4000)
	libc.so.6 => /lib/tls/i686/cmov/libc.so.6 (0x00c60000)
	/lib/ld-linux.so.2 (0x0076f000)


int main(void) { return 0; }

c++  -fPIC -g -Wall -O9 -fexpensive-optimizations -frerun-cse-after-loop -fcse-follow-jumps -finline-functions -fschedule-insns2 -fthread-jumps -fforce-addr ./configure-4959-19622.c -o ./configure-27021-19622.o  -fstrength-reduce

ldd ./configure-27021-19622.o
	linux-gate.so.1 =>  (0x00590000)
	libstdc++.so.6 => /usr/lib/libstdc++.so.6 (0x00110000)
	libm.so.6 => /lib/tls/i686/cmov/libm.so.6 (0x00831000)
	libgcc_s.so.1 => /lib/libgcc_s.so.1 (0x0074c000)
	libc.so.6 => /lib/tls/i686/cmov/libc.so.6 (0x008f9000)
	/lib/ld-linux.so.2 (0x00e7a000)


int main(void) { return 0; }

c++  -fPIC -g -Wall -O9 -fexpensive-optimizations -frerun-cse-after-loop -fcse-follow-jumps -finline-functions -fschedule-insns2 -fthread-jumps -fforce-addr -fstrength-reduce ./configure-4959-19622.c -o ./configure-27021-19622.o  -funroll-loops

ldd ./configure-27021-19622.o
	linux-gate.so.1 =>  (0x00619000)
	libstdc++.so.6 => /usr/lib/libstdc++.so.6 (0x00d21000)
	libm.so.6 => /lib/tls/i686/cmov/libm.so.6 (0x0016a000)
	libgcc_s.so.1 => /lib/libgcc_s.so.1 (0x00110000)
	libc.so.6 => /lib/tls/i686/cmov/libc.so.6 (0x009b1000)
	/lib/ld-linux.so.2 (0x00afa000)

Result is: -fPIC -g -Wall -O9 -fexpensive-optimizations -frerun-cse-after-loop -fcse-follow-jumps -finline-functions -fschedule-insns2 -fthread-jumps -fforce-addr -fstrength-reduce -funroll-loops
##########################################

============ Checking for makedepend ============
Result is: gcc -MM
##########################################

============ Checking for Python ============
Result is: 2.6.4
##########################################

============ Checking for GNU Make ============
Result is: GNU Make 3.81
##########################################

============ Checking for Doxygen ============
Result is: 1.6.1
##########################################

============ Checking for CPU vendor ============
Result is: AuthenticAMD (15:35:2)
##########################################

============ Checking for CPU type ============
Result is:  AMD Athlon(tm) 64 X2 Dual Core Processor 4400+
##########################################

============ Checking for GCC & CPU optimization abilities ============

int main(void) { return 0; }

cc  -fPIC -g -Wall -O9 -fexpensive-optimizations -frerun-cse-after-loop -fcse-follow-jumps -finline-functions -fschedule-insns2 -fthread-jumps -fforce-addr -fstrength-reduce -funroll-loops ./configure-4959-19622.c -o ./configure-27021-19622.o  -march=native

ldd ./configure-27021-19622.o
	linux-gate.so.1 =>  (0x009f1000)
	libc.so.6 => /lib/tls/i686/cmov/libc.so.6 (0x00169000)
	/lib/ld-linux.so.2 (0x00473000)

Result is: native
##########################################

============ Checking for compiler and kernel support of mmx ============

#include <stdlib.h>
#include <signal.h>
void catch() { exit(1); }
int main(void){
  signal(SIGILL, catch);
  __asm__ volatile ("emms":::"memory"); return(0);
}

cc  -fPIC -g -Wall -O9 -fexpensive-optimizations -frerun-cse-after-loop -fcse-follow-jumps -finline-functions -fschedule-insns2 -fthread-jumps -fforce-addr -fstrength-reduce -funroll-loops ./configure-4959-19622.c -o ./configure-27021-19622.o  

ldd ./configure-27021-19622.o
	linux-gate.so.1 =>  (0x00819000)
	libc.so.6 => /lib/tls/i686/cmov/libc.so.6 (0x00b32000)
	/lib/ld-linux.so.2 (0x00917000)

Result is: yes
##########################################

============ Checking for compiler and kernel support of mmxext ============

#include <stdlib.h>
#include <signal.h>
void catch() { exit(1); }
int main(void){
  signal(SIGILL, catch);
  __asm__ volatile ("sfence":::"memory"); return(0);
}

cc  -fPIC -g -Wall -O9 -fexpensive-optimizations -frerun-cse-after-loop -fcse-follow-jumps -finline-functions -fschedule-insns2 -fthread-jumps -fforce-addr -fstrength-reduce -funroll-loops ./configure-4959-19622.c -o ./configure-27021-19622.o  

ldd ./configure-27021-19622.o
	linux-gate.so.1 =>  (0x00bca000)
	libc.so.6 => /lib/tls/i686/cmov/libc.so.6 (0x002d0000)
	/lib/ld-linux.so.2 (0x00b20000)

Result is: yes
##########################################

============ Checking for compiler and kernel support of 3dnow ============

#include <stdlib.h>
#include <signal.h>
void catch() { exit(1); }
int main(void){
  signal(SIGILL, catch);
  __asm__ volatile ("femms":::"memory"); return(0);
}

cc  -fPIC -g -Wall -O9 -fexpensive-optimizations -frerun-cse-after-loop -fcse-follow-jumps -finline-functions -fschedule-insns2 -fthread-jumps -fforce-addr -fstrength-reduce -funroll-loops ./configure-4959-19622.c -o ./configure-27021-19622.o  

ldd ./configure-27021-19622.o
	linux-gate.so.1 =>  (0x00610000)
	libc.so.6 => /lib/tls/i686/cmov/libc.so.6 (0x00e2b000)
	/lib/ld-linux.so.2 (0x008fc000)

Result is: yes
##########################################

============ Checking for compiler and kernel support of sse ============

#include <stdlib.h>
#include <signal.h>
void catch() { exit(1); }
int main(void){
  signal(SIGILL, catch);
  __asm__ volatile ("xorps %%xmm0, %%xmm0":::"memory"); return(0);
}

cc  -fPIC -g -Wall -O9 -fexpensive-optimizations -frerun-cse-after-loop -fcse-follow-jumps -finline-functions -fschedule-insns2 -fthread-jumps -fforce-addr -fstrength-reduce -funroll-loops ./configure-4959-19622.c -o ./configure-27021-19622.o  

ldd ./configure-27021-19622.o
	linux-gate.so.1 =>  (0x001e0000)
	libc.so.6 => /lib/tls/i686/cmov/libc.so.6 (0x0060d000)
	/lib/ld-linux.so.2 (0x00b67000)

Result is: yes
##########################################

============ Checking for compiler and kernel support of sse2 ============

#include <stdlib.h>
#include <signal.h>
void catch() { exit(1); }
int main(void){
  signal(SIGILL, catch);
  __asm__ volatile ("xorpd %%xmm0, %%xmm0":::"memory"); return(0);
}

cc  -fPIC -g -Wall -O9 -fexpensive-optimizations -frerun-cse-after-loop -fcse-follow-jumps -finline-functions -fschedule-insns2 -fthread-jumps -fforce-addr -fstrength-reduce -funroll-loops ./configure-4959-19622.c -o ./configure-27021-19622.o  

ldd ./configure-27021-19622.o
	linux-gate.so.1 =>  (0x001a0000)
	libc.so.6 => /lib/tls/i686/cmov/libc.so.6 (0x00cd9000)
	/lib/ld-linux.so.2 (0x009cb000)

Result is: yes
##########################################

============ Checking for compiler and kernel support of cmov ============

#include <stdlib.h>
#include <signal.h>
void catch() { exit(1); }
int main(void){
  signal(SIGILL, catch);
  __asm__ volatile ("cmovb %%eax,%%ebx":::"memory"); return(0);
}

cc  -fPIC -g -Wall -O9 -fexpensive-optimizations -frerun-cse-after-loop -fcse-follow-jumps -finline-functions -fschedule-insns2 -fthread-jumps -fforce-addr -fstrength-reduce -funroll-loops ./configure-4959-19622.c -o ./configure-27021-19622.o  

ldd ./configure-27021-19622.o
	linux-gate.so.1 =>  (0x00458000)
	libc.so.6 => /lib/tls/i686/cmov/libc.so.6 (0x0045d000)
	/lib/ld-linux.so.2 (0x00c27000)

Result is: yes
##########################################

============ Checking for xmmintrin.h ============

#include <xmmintrin.h>
int main() { _mm_sfence(); return 0; }

cc  -fPIC -g -Wall -O9 -fexpensive-optimizations -frerun-cse-after-loop -fcse-follow-jumps -finline-functions -fschedule-insns2 -fthread-jumps -fforce-addr -fstrength-reduce -funroll-loops ./configure-4959-19622.c -o ./configure-27021-19622.o  -msse

ldd ./configure-27021-19622.o
	linux-gate.so.1 =>  (0x00cce000)
	libc.so.6 => /lib/tls/i686/cmov/libc.so.6 (0x00110000)
	/lib/ld-linux.so.2 (0x006c9000)

Result is: yes
##########################################

============ Checking for mm3dnow.h ============

#include <mm3dnow.h>
int main() { _m_femms(); return 0; }

cc  -fPIC -g -Wall -O9 -fexpensive-optimizations -frerun-cse-after-loop -fcse-follow-jumps -finline-functions -fschedule-insns2 -fthread-jumps -fforce-addr -fstrength-reduce -funroll-loops ./configure-4959-19622.c -o ./configure-27021-19622.o  -m3dnow

ldd ./configure-27021-19622.o
	linux-gate.so.1 =>  (0x0064e000)
	libc.so.6 => /lib/tls/i686/cmov/libc.so.6 (0x00d0a000)
	/lib/ld-linux.so.2 (0x004df000)

Result is: yes
##########################################

============ Checking for Word Size ============
Result is: 32 bit
##########################################

============ Checking for Math support (-lm) ============

#include <math.h>
int main(void) { return 0; }

cc  -fPIC -g -Wall -O9 -fexpensive-optimizations -frerun-cse-after-loop -fcse-follow-jumps -finline-functions -fschedule-insns2 -fthread-jumps -fforce-addr -fstrength-reduce -funroll-loops -march=native -mtune=native ./configure-4959-19622.c -o ./configure-27021-19622.o  -Xlinker --no-undefined -lm

ldd ./configure-27021-19622.o
	linux-gate.so.1 =>  (0x001b7000)
	libm.so.6 => /lib/tls/i686/cmov/libm.so.6 (0x00987000)
	libc.so.6 => /lib/tls/i686/cmov/libc.so.6 (0x001b8000)
	/lib/ld-linux.so.2 (0x00b02000)

Result is: yes
##########################################

============ Checking for Math powl() support ============

#include <math.h>
int main(int argc, char** argv)
{
	long double a=::powl((long double) argc, (long double) argc);
	return (int) a;
}

c++  -fPIC -g -Wall -O9 -fexpensive-optimizations -frerun-cse-after-loop -fcse-follow-jumps -finline-functions -fschedule-insns2 -fthread-jumps -fforce-addr -fstrength-reduce -funroll-loops -march=native -mtune=native ./configure-4959-19622.c -o ./configure-27021-19622.o  -Xlinker --no-undefined -lm -lm

ldd ./configure-27021-19622.o
	linux-gate.so.1 =>  (0x007d4000)
	libm.so.6 => /lib/tls/i686/cmov/libm.so.6 (0x00db1000)
	libstdc++.so.6 => /usr/lib/libstdc++.so.6 (0x00aa6000)
	libgcc_s.so.1 => /lib/libgcc_s.so.1 (0x00314000)
	libc.so.6 => /lib/tls/i686/cmov/libc.so.6 (0x00110000)
	/lib/ld-linux.so.2 (0x00f31000)

Result is: yes
##########################################

============ Checking for Math sqrtl() support ============

#include <math.h>
int main(int argc, char** argv)
{
	long double a=::sqrtl((long double) argc);
	return (int) a;
}

c++  -fPIC -g -Wall -O9 -fexpensive-optimizations -frerun-cse-after-loop -fcse-follow-jumps -finline-functions -fschedule-insns2 -fthread-jumps -fforce-addr -fstrength-reduce -funroll-loops -march=native -mtune=native ./configure-4959-19622.c -o ./configure-27021-19622.o  -Xlinker --no-undefined -lm -lm

ldd ./configure-27021-19622.o
	linux-gate.so.1 =>  (0x0067a000)
	libm.so.6 => /lib/tls/i686/cmov/libm.so.6 (0x00ef9000)
	libstdc++.so.6 => /usr/lib/libstdc++.so.6 (0x00110000)
	libgcc_s.so.1 => /lib/libgcc_s.so.1 (0x009df000)
	libc.so.6 => /lib/tls/i686/cmov/libc.so.6 (0x00ca7000)
	/lib/ld-linux.so.2 (0x00b27000)

Result is: yes
##########################################

============ Checking for Math log2() support ============

#include <math.h>
int main(int argc, char** argv)
{
	double a=::log2((double) argc);
	return (int) a;
}

c++  -fPIC -g -Wall -O9 -fexpensive-optimizations -frerun-cse-after-loop -fcse-follow-jumps -finline-functions -fschedule-insns2 -fthread-jumps -fforce-addr -fstrength-reduce -funroll-loops -march=native -mtune=native ./configure-4959-19622.c -o ./configure-27021-19622.o  -Xlinker --no-undefined -lm -lm

ldd ./configure-27021-19622.o
	linux-gate.so.1 =>  (0x0017a000)
	libm.so.6 => /lib/tls/i686/cmov/libm.so.6 (0x00766000)
	libstdc++.so.6 => /usr/lib/libstdc++.so.6 (0x0017b000)
	libgcc_s.so.1 => /lib/libgcc_s.so.1 (0x00115000)
	libc.so.6 => /lib/tls/i686/cmov/libc.so.6 (0x0039f000)
	/lib/ld-linux.so.2 (0x00382000)

Result is: yes
##########################################

============ Checking for Posix threads support ============

#include <pthread.h>
int main(void) { return 0; }

cc  -fPIC -g -Wall -O9 -fexpensive-optimizations -frerun-cse-after-loop -fcse-follow-jumps -finline-functions -fschedule-insns2 -fthread-jumps -fforce-addr -fstrength-reduce -funroll-loops -march=native -mtune=native ./configure-4959-19622.c -o ./configure-27021-19622.o  -Xlinker --no-undefined -lm -pthread

ldd ./configure-27021-19622.o
	linux-gate.so.1 =>  (0x00f0a000)
	libm.so.6 => /lib/tls/i686/cmov/libm.so.6 (0x00a7d000)
	libpthread.so.0 => /lib/tls/i686/cmov/libpthread.so.0 (0x00467000)
	libc.so.6 => /lib/tls/i686/cmov/libc.so.6 (0x0028d000)
	/lib/ld-linux.so.2 (0x0062c000)

Result is: yes
##########################################

============ Checking for AMD ACML support ============

#include <cblas.h>
void dpotrf(char uplo, int n, double *a, int lda, int *info);

int main(int argc, char** argv)
{
	char uplo = 'U';
	int info=0;
	int skip=argc;
	int n=argc; double* a=0; double* v1=0; double* v2=0;
	int lda=1;
	dpotrf(uplo, n, a, lda, &info);
	int r = cblas_ddot(n, v1, skip, v2, skip);
	return 0;
}

cc  -fPIC -g -Wall -O9 -fexpensive-optimizations -frerun-cse-after-loop -fcse-follow-jumps -finline-functions -fschedule-insns2 -fthread-jumps -fforce-addr -fstrength-reduce -funroll-loops -march=native -mtune=native -pthread ./configure-4959-19622.c -o ./configure-27021-19622.o  -Xlinker --no-undefined -lm -pthread -lacml -lcblas -lgfortran
./configure-4959-19622.c: In function ‘main’:
./configure-4959-19622.c:12: warning: unused variable ‘r’
/usr/bin/ld: cannot find -lacml
collect2: ld returned 1 exit status
no object file created

Result is: no
##########################################

============ Checking for Intel MKL support ============

#include <mkl_cblas.h>
void dpotrf(char* uplo, int* n, double* a, int* lda, int* info);

int main(int argc, char** argv)
{
	char uplo = 'U';
	int info=0;
	int skip=argc;
	int n=argc; double* a=0; double* v1=0; double* v2=0;
	int lda=1;
	dpotrf(&uplo, &n, a, &lda, &info);
	int r = cblas_ddot(n, v1, skip, v2, skip);
	return 0;
}

cc  -fPIC -g -Wall -O9 -fexpensive-optimizations -frerun-cse-after-loop -fcse-follow-jumps -finline-functions -fschedule-insns2 -fthread-jumps -fforce-addr -fstrength-reduce -funroll-loops -march=native -mtune=native -pthread ./configure-4959-19622.c -o ./configure-27021-19622.o  -Xlinker --no-undefined -lm -pthread -lmkl -lguide -lmkl_lapack
./configure-4959-19622.c:1:23: error: mkl_cblas.h: No such file or directory
./configure-4959-19622.c: In function ‘main’:
./configure-4959-19622.c:12: warning: implicit declaration of function ‘cblas_ddot’
./configure-4959-19622.c:12: warning: unused variable ‘r’
no object file created


#include <mkl_cblas.h>
void dpotrf(char* uplo, int* n, double* a, int* lda, int* info);

int main(int argc, char** argv)
{
	char uplo = 'U';
	int info=0;
	int skip=argc;
	int n=argc; double* a=0; double* v1=0; double* v2=0;
	int lda=1;
	dpotrf(&uplo, &n, a, &lda, &info);
	int r = cblas_ddot(n, v1, skip, v2, skip);
	return 0;
}

cc  -fPIC -g -Wall -O9 -fexpensive-optimizations -frerun-cse-after-loop -fcse-follow-jumps -finline-functions -fschedule-insns2 -fthread-jumps -fforce-addr -fstrength-reduce -funroll-loops -march=native -mtune=native -pthread ./configure-4959-19622.c -o ./configure-27021-19622.o  -Xlinker --no-undefined -lm -pthread -lmkl -lguide -lmkl_lapack64
./configure-4959-19622.c:1:23: error: mkl_cblas.h: No such file or directory
./configure-4959-19622.c: In function ‘main’:
./configure-4959-19622.c:12: warning: implicit declaration of function ‘cblas_ddot’
./configure-4959-19622.c:12: warning: unused variable ‘r’
no object file created

Result is: no
##########################################

============ Checking for Atlas support ============

#include <cblas.h>
#include <clapack.h>

int main(int argc, char** argv)
{
	int skip=argc;
	int n=argc; double* a=0; double* v1=0; double* v2=0;
	int result=clapack_dpotrf(CblasRowMajor, CblasUpper, n, a, n);
	int r = cblas_ddot(n, v1, skip, v2, skip);
	return 0;
}

cc  -fPIC -g -Wall -O9 -fexpensive-optimizations -frerun-cse-after-loop -fcse-follow-jumps -finline-functions -fschedule-insns2 -fthread-jumps -fforce-addr -fstrength-reduce -funroll-loops -march=native -mtune=native -pthread ./configure-4959-19622.c -o ./configure-27021-19622.o  -Xlinker --no-undefined -lm -pthread -llapack -lcblas -llapack_atlas
./configure-4959-19622.c: In function ‘main’:
./configure-4959-19622.c:9: warning: unused variable ‘r’
./configure-4959-19622.c:8: warning: unused variable ‘result’

ldd ./configure-27021-19622.o
	linux-gate.so.1 =>  (0x00435000)
	libm.so.6 => /lib/tls/i686/cmov/libm.so.6 (0x00493000)
	liblapack.so.3gf => /usr/lib/atlas/liblapack.so.3gf (0x0070f000)
	libcblas.so.3gf => /usr/lib/libcblas.so.3gf (0x00110000)
	liblapack_atlas.so.3gf => /usr/lib/liblapack_atlas.so.3gf (0x00131000)
	libpthread.so.0 => /lib/tls/i686/cmov/libpthread.so.0 (0x00156000)
	libc.so.6 => /lib/tls/i686/cmov/libc.so.6 (0x0016f000)
	/lib/ld-linux.so.2 (0x00ee4000)
	libblas.so.3gf => /usr/lib/atlas/libblas.so.3gf (0x00f01000)
	libgfortran.so.3 => /usr/lib/libgfortran.so.3 (0x002b4000)
	libgcc_s.so.1 => /lib/libgcc_s.so.1 (0x003ec000)
	libatlas.so.3gf => /usr/lib/libatlas.so.3gf (0x05eef000)
	libf77blas.so.3gf => /usr/lib/libf77blas.so.3gf (0x00598000)

Result is: yes
##########################################

============ Checking for CPLEX support ============
Result is: no
##########################################

============ Checking for GLPK ============

#include <glpk.h>
int main()
{
glp_term_out(GLP_OFF);
LPX* lp=lpx_create_prob();
lpx_delete_prob(lp);
return 0;
}

cc  -fPIC -g -Wall -O9 -fexpensive-optimizations -frerun-cse-after-loop -fcse-follow-jumps -finline-functions -fschedule-insns2 -fthread-jumps -fforce-addr -fstrength-reduce -funroll-loops -march=native -mtune=native -pthread ./configure-4959-19622.c -o ./configure-27021-19622.o  -Xlinker --no-undefined -lm -pthread -llapack -lcblas -llapack_atlas -lglpk -lm

ldd ./configure-27021-19622.o
	linux-gate.so.1 =>  (0x0061c000)
	libm.so.6 => /lib/tls/i686/cmov/libm.so.6 (0x00b23000)
	liblapack.so.3gf => /usr/lib/atlas/liblapack.so.3gf (0x00f2e000)
	libcblas.so.3gf => /usr/lib/libcblas.so.3gf (0x00eb4000)
	liblapack_atlas.so.3gf => /usr/lib/liblapack_atlas.so.3gf (0x00ca0000)
	libglpk.so.0 => /usr/lib/libglpk.so.0 (0x00776000)
	libpthread.so.0 => /lib/tls/i686/cmov/libpthread.so.0 (0x00110000)
	libc.so.6 => /lib/tls/i686/cmov/libc.so.6 (0x00d65000)
	/lib/ld-linux.so.2 (0x00f11000)
	libblas.so.3gf => /usr/lib/atlas/libblas.so.3gf (0x00129000)
	libgfortran.so.3 => /usr/lib/libgfortran.so.3 (0x004a5000)
	libgcc_s.so.1 => /lib/libgcc_s.so.1 (0x0056c000)
	libatlas.so.3gf => /usr/lib/libatlas.so.3gf (0x04aa0000)
	libf77blas.so.3gf => /usr/lib/libf77blas.so.3gf (0x008e2000)
	libltdl.so.7 => /usr/lib/libltdl.so.7 (0x006c6000)
	libdl.so.2 => /lib/tls/i686/cmov/libdl.so.2 (0x00f03000)
	libz.so.1 => /lib/libz.so.1 (0x0058a000)
	libgmp.so.3 => /usr/lib/libgmp.so.3 (0x0094b000)

Result is: yes
##########################################

============ Checking for lzo ============

#include "lzo/lzoconf.h"
#include "lzo/lzo1x.h"
int main(int argc, char** argv)
{
    volatile lzo_bytep in;
	volatile lzo_uint in_len;
    return (lzo_init() != LZO_E_OK) ? 1 : 0;
}

cc  -fPIC -g -Wall -O9 -fexpensive-optimizations -frerun-cse-after-loop -fcse-follow-jumps -finline-functions -fschedule-insns2 -fthread-jumps -fforce-addr -fstrength-reduce -funroll-loops -march=native -mtune=native -pthread ./configure-4959-19622.c -o ./configure-27021-19622.o  -Xlinker --no-undefined -lm -pthread -llapack -lcblas -llapack_atlas -lglpk -lm -llzo2
./configure-4959-19622.c:1:25: error: lzo/lzoconf.h: No such file or directory
./configure-4959-19622.c:2:23: error: lzo/lzo1x.h: No such file or directory
./configure-4959-19622.c: In function ‘main’:
./configure-4959-19622.c:5: error: expected ‘=’, ‘,’, ‘;’, ‘asm’ or ‘__attribute__’ before ‘in’
./configure-4959-19622.c:5: error: ‘in’ undeclared (first use in this function)
./configure-4959-19622.c:5: error: (Each undeclared identifier is reported only once
./configure-4959-19622.c:5: error: for each function it appears in.)
./configure-4959-19622.c:6: error: expected ‘=’, ‘,’, ‘;’, ‘asm’ or ‘__attribute__’ before ‘in_len’
./configure-4959-19622.c:6: error: ‘in_len’ undeclared (first use in this function)
./configure-4959-19622.c:7: warning: implicit declaration of function ‘lzo_init’
./configure-4959-19622.c:7: error: ‘LZO_E_OK’ undeclared (first use in this function)
no object file created

Result is: no
##########################################

============ Checking for gzip ============

#include <zlib.h>
int main(int argc, char** argv)
{
	uLongf l=argc;
	return (compress2((Bytef*) argv, &l, (Bytef*) argv, l, argc) != Z_OK);
}

cc  -fPIC -g -Wall -O9 -fexpensive-optimizations -frerun-cse-after-loop -fcse-follow-jumps -finline-functions -fschedule-insns2 -fthread-jumps -fforce-addr -fstrength-reduce -funroll-loops -march=native -mtune=native -pthread ./configure-4959-19622.c -o ./configure-27021-19622.o  -Xlinker --no-undefined -lm -pthread -llapack -lcblas -llapack_atlas -lglpk -lm -lz
./configure-4959-19622.c:1:18: error: zlib.h: No such file or directory
./configure-4959-19622.c: In function ‘main’:
./configure-4959-19622.c:4: error: ‘uLongf’ undeclared (first use in this function)
./configure-4959-19622.c:4: error: (Each undeclared identifier is reported only once
./configure-4959-19622.c:4: error: for each function it appears in.)
./configure-4959-19622.c:4: error: expected ‘;’ before ‘l’
./configure-4959-19622.c:5: warning: implicit declaration of function ‘compress2’
./configure-4959-19622.c:5: error: ‘Bytef’ undeclared (first use in this function)
./configure-4959-19622.c:5: error: expected expression before ‘)’ token
./configure-4959-19622.c:5: error: ‘Z_OK’ undeclared (first use in this function)
no object file created

Result is: no
##########################################

============ Checking for bzip2 ============

#include <bzlib.h>
int main(int argc, char** argv)
{
	bz_stream* strm=NULL;
	return BZ2_bzCompress(strm, argc);
}

cc  -fPIC -g -Wall -O9 -fexpensive-optimizations -frerun-cse-after-loop -fcse-follow-jumps -finline-functions -fschedule-insns2 -fthread-jumps -fforce-addr -fstrength-reduce -funroll-loops -march=native -mtune=native -pthread ./configure-4959-19622.c -o ./configure-27021-19622.o  -Xlinker --no-undefined -lm -pthread -llapack -lcblas -llapack_atlas -lglpk -lm -lbz2
./configure-4959-19622.c:1:19: error: bzlib.h: No such file or directory
./configure-4959-19622.c: In function ‘main’:
./configure-4959-19622.c:4: error: ‘bz_stream’ undeclared (first use in this function)
./configure-4959-19622.c:4: error: (Each undeclared identifier is reported only once
./configure-4959-19622.c:4: error: for each function it appears in.)
./configure-4959-19622.c:4: error: ‘strm’ undeclared (first use in this function)
./configure-4959-19622.c:4: error: ‘NULL’ undeclared (first use in this function)
./configure-4959-19622.c:5: warning: implicit declaration of function ‘BZ2_bzCompress’
no object file created

Result is: no
##########################################

============ Checking for lzma ============

#include <lzma.h>
int main(int argc, char** argv)
{
	return (int) lzma_stream_buffer_bound((size_t) argc) ;
}

cc  -fPIC -g -Wall -O9 -fexpensive-optimizations -frerun-cse-after-loop -fcse-follow-jumps -finline-functions -fschedule-insns2 -fthread-jumps -fforce-addr -fstrength-reduce -funroll-loops -march=native -mtune=native -pthread ./configure-4959-19622.c -o ./configure-27021-19622.o  -Xlinker --no-undefined -lm -pthread -llapack -lcblas -llapack_atlas -lglpk -lm -llzma
./configure-4959-19622.c:1:18: error: lzma.h: No such file or directory
./configure-4959-19622.c: In function ‘main’:
./configure-4959-19622.c:4: warning: implicit declaration of function ‘lzma_stream_buffer_bound’
./configure-4959-19622.c:4: error: ‘size_t’ undeclared (first use in this function)
./configure-4959-19622.c:4: error: (Each undeclared identifier is reported only once
./configure-4959-19622.c:4: error: for each function it appears in.)
./configure-4959-19622.c:4: error: expected ‘)’ before ‘argc’
no object file created

Result is: no
##########################################

============ Checking for libshogun ============
Result is: yes (internal in source tree)
##########################################

============ Checking for libshogunui ============
Result is: yes (internal in source tree)
##########################################

============ Checking for Python numpy support ============
Result is: 1.3.0
##########################################

============ Checking for Python/Python Numpy Developer Files ============

#include <Python.h>
#include <stdlib.h>
#include <numpy/arrayobject.h>

PyMODINIT_FUNC initsg(void)
{
	double* array=(double*) malloc(10*sizeof(double));
	npy_intp* dims=(npy_intp*) malloc(sizeof(npy_int));
	dims[0]=10;
	Py_Initialize();
	PyObject* outArray = PyArray_SimpleNewFromData(1, dims, NPY_DOUBLE, (void*)array);
}

PyMODINIT_FUNC initsg(void);

cc -I. -I.. -I. -I..  -fPIC -g -Wall -O9 -fexpensive-optimizations -frerun-cse-after-loop -fcse-follow-jumps -finline-functions -fschedule-insns2 -fthread-jumps -fforce-addr -fstrength-reduce -funroll-loops -march=native -mtune=native -pthread ./configure-4959-19622.c -o ./configure-27021-19622.o  -Xlinker --no-undefined -lm -pthread -llapack -lcblas -llapack_atlas -lglpk -lm -fno-strict-aliasing -fPIC -I/usr/include/python2.6 -I/usr/lib/python2.6/dist-packages/numpy/core/include -shared -lpython2.6
./configure-4959-19622.c: In function ‘initsg’:
./configure-4959-19622.c:11: warning: unused variable ‘outArray’
./configure-4959-19622.c: At top level:
/usr/include/python2.6/numpy/__multiarray_api.h:968: warning: ‘_import_array’ defined but not used

ldd ./configure-27021-19622.o
	linux-gate.so.1 =>  (0x006be000)
	libm.so.6 => /lib/tls/i686/cmov/libm.so.6 (0x0029e000)
	liblapack.so.3gf => /usr/lib/atlas/liblapack.so.3gf (0x00a03000)
	libcblas.so.3gf => /usr/lib/libcblas.so.3gf (0x00110000)
	liblapack_atlas.so.3gf => /usr/lib/liblapack_atlas.so.3gf (0x009a1000)
	libglpk.so.0 => /usr/lib/libglpk.so.0 (0x003af000)
	libpython2.6.so.1.0 => /usr/lib/libpython2.6.so.1.0 (0x00476000)
	libpthread.so.0 => /lib/tls/i686/cmov/libpthread.so.0 (0x00131000)
	libc.so.6 => /lib/tls/i686/cmov/libc.so.6 (0x006bf000)
	/lib/ld-linux.so.2 (0x009e6000)
	libblas.so.3gf => /usr/lib/atlas/libblas.so.3gf (0x0283a000)
	libgfortran.so.3 => /usr/lib/libgfortran.so.3 (0x00162000)
	libgcc_s.so.1 => /lib/libgcc_s.so.1 (0x00229000)
	libatlas.so.3gf => /usr/lib/libatlas.so.3gf (0x0502b000)
	libf77blas.so.3gf => /usr/lib/libf77blas.so.3gf (0x00247000)
	libltdl.so.7 => /usr/lib/libltdl.so.7 (0x0014a000)
	libdl.so.2 => /lib/tls/i686/cmov/libdl.so.2 (0x00154000)
	libz.so.1 => /lib/libz.so.1 (0x008e6000)
	libgmp.so.3 => /usr/lib/libgmp.so.3 (0x002e8000)
	libutil.so.1 => /lib/tls/i686/cmov/libutil.so.1 (0x00158000)

Result is: yes
##########################################

============ Checking for SWIG ============
Result is: 1.3.36
##########################################

============ Checking for SWIG Python Support ============
Result is: yes
##########################################

