============ Checking for C Compiler ============

int main(void) { return 0; }

cc  -fPIC ./configure-10801-24121.c -o ./configure-29388-24121.o  

ldd ./configure-29388-24121.o
	linux-gate.so.1 =>  (0x00210000)
	libc.so.6 => /lib/tls/i686/cmov/libc.so.6 (0x00e75000)
	/lib/ld-linux.so.2 (0x0036b000)

Result is: 4.4.1, ok
##########################################

============ Checking for C Compiler flags ============

int main(void) { return 0; }

cc  -fPIC ./configure-10801-24121.c -o ./configure-29388-24121.o  -g

ldd ./configure-29388-24121.o
	linux-gate.so.1 =>  (0x00944000)
	libc.so.6 => /lib/tls/i686/cmov/libc.so.6 (0x00da7000)
	/lib/ld-linux.so.2 (0x00863000)


int main(void) { return 0; }

cc  -fPIC -g ./configure-10801-24121.c -o ./configure-29388-24121.o  -Wall

ldd ./configure-29388-24121.o
	linux-gate.so.1 =>  (0x00f08000)
	libc.so.6 => /lib/tls/i686/cmov/libc.so.6 (0x005c5000)
	/lib/ld-linux.so.2 (0x00d91000)


int main(void) { return 0; }

cc  -fPIC -g -Wall ./configure-10801-24121.c -o ./configure-29388-24121.o  -O9

ldd ./configure-29388-24121.o
	linux-gate.so.1 =>  (0x00cd4000)
	libc.so.6 => /lib/tls/i686/cmov/libc.so.6 (0x00110000)
	/lib/ld-linux.so.2 (0x00b35000)


int main(void) { return 0; }

cc  -fPIC -g -Wall -O9 ./configure-10801-24121.c -o ./configure-29388-24121.o  -fexpensive-optimizations

ldd ./configure-29388-24121.o
	linux-gate.so.1 =>  (0x00b45000)
	libc.so.6 => /lib/tls/i686/cmov/libc.so.6 (0x009df000)
	/lib/ld-linux.so.2 (0x00c36000)


int main(void) { return 0; }

cc  -fPIC -g -Wall -O9 -fexpensive-optimizations ./configure-10801-24121.c -o ./configure-29388-24121.o  -frerun-cse-after-loop

ldd ./configure-29388-24121.o
	linux-gate.so.1 =>  (0x00f05000)
	libc.so.6 => /lib/tls/i686/cmov/libc.so.6 (0x0042d000)
	/lib/ld-linux.so.2 (0x008c5000)


int main(void) { return 0; }

cc  -fPIC -g -Wall -O9 -fexpensive-optimizations -frerun-cse-after-loop ./configure-10801-24121.c -o ./configure-29388-24121.o  -fcse-follow-jumps

ldd ./configure-29388-24121.o
	linux-gate.so.1 =>  (0x00923000)
	libc.so.6 => /lib/tls/i686/cmov/libc.so.6 (0x00110000)
	/lib/ld-linux.so.2 (0x00796000)


int main(void) { return 0; }

cc  -fPIC -g -Wall -O9 -fexpensive-optimizations -frerun-cse-after-loop -fcse-follow-jumps ./configure-10801-24121.c -o ./configure-29388-24121.o  -finline-functions

ldd ./configure-29388-24121.o
	linux-gate.so.1 =>  (0x0096c000)
	libc.so.6 => /lib/tls/i686/cmov/libc.so.6 (0x00bf4000)
	/lib/ld-linux.so.2 (0x003d0000)


int main(void) { return 0; }

cc  -fPIC -g -Wall -O9 -fexpensive-optimizations -frerun-cse-after-loop -fcse-follow-jumps -finline-functions ./configure-10801-24121.c -o ./configure-29388-24121.o  -fschedule-insns2

ldd ./configure-29388-24121.o
	linux-gate.so.1 =>  (0x00171000)
	libc.so.6 => /lib/tls/i686/cmov/libc.so.6 (0x00e2c000)
	/lib/ld-linux.so.2 (0x00336000)


int main(void) { return 0; }

cc  -fPIC -g -Wall -O9 -fexpensive-optimizations -frerun-cse-after-loop -fcse-follow-jumps -finline-functions -fschedule-insns2 ./configure-10801-24121.c -o ./configure-29388-24121.o  -fthread-jumps

ldd ./configure-29388-24121.o
	linux-gate.so.1 =>  (0x001bc000)
	libc.so.6 => /lib/tls/i686/cmov/libc.so.6 (0x0062a000)
	/lib/ld-linux.so.2 (0x0028c000)


int main(void) { return 0; }

cc  -fPIC -g -Wall -O9 -fexpensive-optimizations -frerun-cse-after-loop -fcse-follow-jumps -finline-functions -fschedule-insns2 -fthread-jumps ./configure-10801-24121.c -o ./configure-29388-24121.o  -fforce-addr

ldd ./configure-29388-24121.o
	linux-gate.so.1 =>  (0x00afa000)
	libc.so.6 => /lib/tls/i686/cmov/libc.so.6 (0x0054d000)
	/lib/ld-linux.so.2 (0x003ea000)


int main(void) { return 0; }

cc  -fPIC -g -Wall -O9 -fexpensive-optimizations -frerun-cse-after-loop -fcse-follow-jumps -finline-functions -fschedule-insns2 -fthread-jumps -fforce-addr ./configure-10801-24121.c -o ./configure-29388-24121.o  -fstrength-reduce

ldd ./configure-29388-24121.o
	linux-gate.so.1 =>  (0x00eab000)
	libc.so.6 => /lib/tls/i686/cmov/libc.so.6 (0x006ed000)
	/lib/ld-linux.so.2 (0x0045b000)


int main(void) { return 0; }

cc  -fPIC -g -Wall -O9 -fexpensive-optimizations -frerun-cse-after-loop -fcse-follow-jumps -finline-functions -fschedule-insns2 -fthread-jumps -fforce-addr -fstrength-reduce ./configure-10801-24121.c -o ./configure-29388-24121.o  -funroll-loops

ldd ./configure-29388-24121.o
	linux-gate.so.1 =>  (0x00fb6000)
	libc.so.6 => /lib/tls/i686/cmov/libc.so.6 (0x0068e000)
	/lib/ld-linux.so.2 (0x00225000)

Result is: -fPIC -g -Wall -O9 -fexpensive-optimizations -frerun-cse-after-loop -fcse-follow-jumps -finline-functions -fschedule-insns2 -fthread-jumps -fforce-addr -fstrength-reduce -funroll-loops
##########################################

============ Checking for C++ Compiler ============

int main(void) { return 0; }

c++  -fPIC ./configure-10801-24121.c -o ./configure-29388-24121.o  

ldd ./configure-29388-24121.o
	linux-gate.so.1 =>  (0x00a22000)
	libstdc++.so.6 => /usr/lib/libstdc++.so.6 (0x00850000)
	libm.so.6 => /lib/tls/i686/cmov/libm.so.6 (0x00829000)
	libgcc_s.so.1 => /lib/libgcc_s.so.1 (0x004a7000)
	libc.so.6 => /lib/tls/i686/cmov/libc.so.6 (0x00110000)
	/lib/ld-linux.so.2 (0x003dd000)

Result is: 4.4.1, ok
##########################################

============ Checking for C++ Compiler flags ============

int main(void) { return 0; }

c++  -fPIC ./configure-10801-24121.c -o ./configure-29388-24121.o  -g

ldd ./configure-29388-24121.o
	linux-gate.so.1 =>  (0x0037f000)
	libstdc++.so.6 => /usr/lib/libstdc++.so.6 (0x00946000)
	libm.so.6 => /lib/tls/i686/cmov/libm.so.6 (0x008b9000)
	libgcc_s.so.1 => /lib/libgcc_s.so.1 (0x004e8000)
	libc.so.6 => /lib/tls/i686/cmov/libc.so.6 (0x00699000)
	/lib/ld-linux.so.2 (0x002ee000)


int main(void) { return 0; }

c++  -fPIC -g ./configure-10801-24121.c -o ./configure-29388-24121.o  -Wall

ldd ./configure-29388-24121.o
	linux-gate.so.1 =>  (0x004d8000)
	libstdc++.so.6 => /usr/lib/libstdc++.so.6 (0x00712000)
	libm.so.6 => /lib/tls/i686/cmov/libm.so.6 (0x00c92000)
	libgcc_s.so.1 => /lib/libgcc_s.so.1 (0x00d72000)
	libc.so.6 => /lib/tls/i686/cmov/libc.so.6 (0x0096a000)
	/lib/ld-linux.so.2 (0x001c6000)


int main(void) { return 0; }

c++  -fPIC -g -Wall ./configure-10801-24121.c -o ./configure-29388-24121.o  -O9

ldd ./configure-29388-24121.o
	linux-gate.so.1 =>  (0x002e7000)
	libstdc++.so.6 => /usr/lib/libstdc++.so.6 (0x00110000)
	libm.so.6 => /lib/tls/i686/cmov/libm.so.6 (0x00320000)
	libgcc_s.so.1 => /lib/libgcc_s.so.1 (0x00ca6000)
	libc.so.6 => /lib/tls/i686/cmov/libc.so.6 (0x00b2d000)
	/lib/ld-linux.so.2 (0x00cc8000)


int main(void) { return 0; }

c++  -fPIC -g -Wall -O9 ./configure-10801-24121.c -o ./configure-29388-24121.o  -fexpensive-optimizations

ldd ./configure-29388-24121.o
	linux-gate.so.1 =>  (0x00a2d000)
	libstdc++.so.6 => /usr/lib/libstdc++.so.6 (0x0075a000)
	libm.so.6 => /lib/tls/i686/cmov/libm.so.6 (0x00cbc000)
	libgcc_s.so.1 => /lib/libgcc_s.so.1 (0x0017f000)
	libc.so.6 => /lib/tls/i686/cmov/libc.so.6 (0x0019d000)
	/lib/ld-linux.so.2 (0x00514000)


int main(void) { return 0; }

c++  -fPIC -g -Wall -O9 -fexpensive-optimizations ./configure-10801-24121.c -o ./configure-29388-24121.o  -frerun-cse-after-loop

ldd ./configure-29388-24121.o
	linux-gate.so.1 =>  (0x00c9e000)
	libstdc++.so.6 => /usr/lib/libstdc++.so.6 (0x00e0f000)
	libm.so.6 => /lib/tls/i686/cmov/libm.so.6 (0x00365000)
	libgcc_s.so.1 => /lib/libgcc_s.so.1 (0x009ae000)
	libc.so.6 => /lib/tls/i686/cmov/libc.so.6 (0x00214000)
	/lib/ld-linux.so.2 (0x00484000)


int main(void) { return 0; }

c++  -fPIC -g -Wall -O9 -fexpensive-optimizations -frerun-cse-after-loop ./configure-10801-24121.c -o ./configure-29388-24121.o  -fcse-follow-jumps

ldd ./configure-29388-24121.o
	linux-gate.so.1 =>  (0x00744000)
	libstdc++.so.6 => /usr/lib/libstdc++.so.6 (0x00d7a000)
	libm.so.6 => /lib/tls/i686/cmov/libm.so.6 (0x00b68000)
	libgcc_s.so.1 => /lib/libgcc_s.so.1 (0x003f7000)
	libc.so.6 => /lib/tls/i686/cmov/libc.so.6 (0x008a1000)
	/lib/ld-linux.so.2 (0x00a29000)


int main(void) { return 0; }

c++  -fPIC -g -Wall -O9 -fexpensive-optimizations -frerun-cse-after-loop -fcse-follow-jumps ./configure-10801-24121.c -o ./configure-29388-24121.o  -finline-functions

ldd ./configure-29388-24121.o
	linux-gate.so.1 =>  (0x00970000)
	libstdc++.so.6 => /usr/lib/libstdc++.so.6 (0x002d1000)
	libm.so.6 => /lib/tls/i686/cmov/libm.so.6 (0x00add000)
	libgcc_s.so.1 => /lib/libgcc_s.so.1 (0x00527000)
	libc.so.6 => /lib/tls/i686/cmov/libc.so.6 (0x00678000)
	/lib/ld-linux.so.2 (0x00eb0000)


int main(void) { return 0; }

c++  -fPIC -g -Wall -O9 -fexpensive-optimizations -frerun-cse-after-loop -fcse-follow-jumps -finline-functions ./configure-10801-24121.c -o ./configure-29388-24121.o  -fschedule-insns2

ldd ./configure-29388-24121.o
	linux-gate.so.1 =>  (0x00844000)
	libstdc++.so.6 => /usr/lib/libstdc++.so.6 (0x0024b000)
	libm.so.6 => /lib/tls/i686/cmov/libm.so.6 (0x00618000)
	libgcc_s.so.1 => /lib/libgcc_s.so.1 (0x00dad000)
	libc.so.6 => /lib/tls/i686/cmov/libc.so.6 (0x00649000)
	/lib/ld-linux.so.2 (0x00c8b000)


int main(void) { return 0; }

c++  -fPIC -g -Wall -O9 -fexpensive-optimizations -frerun-cse-after-loop -fcse-follow-jumps -finline-functions -fschedule-insns2 ./configure-10801-24121.c -o ./configure-29388-24121.o  -fthread-jumps

ldd ./configure-29388-24121.o
	linux-gate.so.1 =>  (0x00521000)
	libstdc++.so.6 => /usr/lib/libstdc++.so.6 (0x00998000)
	libm.so.6 => /lib/tls/i686/cmov/libm.so.6 (0x00110000)
	libgcc_s.so.1 => /lib/libgcc_s.so.1 (0x0030b000)
	libc.so.6 => /lib/tls/i686/cmov/libc.so.6 (0x0036f000)
	/lib/ld-linux.so.2 (0x00882000)


int main(void) { return 0; }

c++  -fPIC -g -Wall -O9 -fexpensive-optimizations -frerun-cse-after-loop -fcse-follow-jumps -finline-functions -fschedule-insns2 -fthread-jumps ./configure-10801-24121.c -o ./configure-29388-24121.o  -fforce-addr

ldd ./configure-29388-24121.o
	linux-gate.so.1 =>  (0x007f3000)
	libstdc++.so.6 => /usr/lib/libstdc++.so.6 (0x0049b000)
	libm.so.6 => /lib/tls/i686/cmov/libm.so.6 (0x00d77000)
	libgcc_s.so.1 => /lib/libgcc_s.so.1 (0x0059b000)
	libc.so.6 => /lib/tls/i686/cmov/libc.so.6 (0x0067d000)
	/lib/ld-linux.so.2 (0x002ed000)


int main(void) { return 0; }

c++  -fPIC -g -Wall -O9 -fexpensive-optimizations -frerun-cse-after-loop -fcse-follow-jumps -finline-functions -fschedule-insns2 -fthread-jumps -fforce-addr ./configure-10801-24121.c -o ./configure-29388-24121.o  -fstrength-reduce

ldd ./configure-29388-24121.o
	linux-gate.so.1 =>  (0x0023f000)
	libstdc++.so.6 => /usr/lib/libstdc++.so.6 (0x00c5f000)
	libm.so.6 => /lib/tls/i686/cmov/libm.so.6 (0x00257000)
	libgcc_s.so.1 => /lib/libgcc_s.so.1 (0x00d54000)
	libc.so.6 => /lib/tls/i686/cmov/libc.so.6 (0x005f2000)
	/lib/ld-linux.so.2 (0x00369000)


int main(void) { return 0; }

c++  -fPIC -g -Wall -O9 -fexpensive-optimizations -frerun-cse-after-loop -fcse-follow-jumps -finline-functions -fschedule-insns2 -fthread-jumps -fforce-addr -fstrength-reduce ./configure-10801-24121.c -o ./configure-29388-24121.o  -funroll-loops

ldd ./configure-29388-24121.o
	linux-gate.so.1 =>  (0x003a2000)
	libstdc++.so.6 => /usr/lib/libstdc++.so.6 (0x00633000)
	libm.so.6 => /lib/tls/i686/cmov/libm.so.6 (0x00ca3000)
	libgcc_s.so.1 => /lib/libgcc_s.so.1 (0x00c70000)
	libc.so.6 => /lib/tls/i686/cmov/libc.so.6 (0x00110000)
	/lib/ld-linux.so.2 (0x00823000)

Result is: -fPIC -g -Wall -O9 -fexpensive-optimizations -frerun-cse-after-loop -fcse-follow-jumps -finline-functions -fschedule-insns2 -fthread-jumps -fforce-addr -fstrength-reduce -funroll-loops
##########################################

============ Checking for makedepend ============
Result is: gcc -MM
##########################################

============ Checking for Python ============
Result is: 2.5.4
##########################################

============ Checking for GNU Make ============
Result is: GNU Make 3.81
##########################################

============ Checking for Doxygen ============
Result is: doxygen not detected, for documentation please install
##########################################

============ Checking for CPU vendor ============
Result is: AuthenticAMD (15:35:2)
##########################################

============ Checking for CPU type ============
Result is:  AMD Athlon(tm) 64 X2 Dual Core Processor 4400+
##########################################

============ Checking for GCC & CPU optimization abilities ============

int main(void) { return 0; }

cc  -fPIC -g -Wall -O9 -fexpensive-optimizations -frerun-cse-after-loop -fcse-follow-jumps -finline-functions -fschedule-insns2 -fthread-jumps -fforce-addr -fstrength-reduce -funroll-loops ./configure-10801-24121.c -o ./configure-29388-24121.o  -march=native

ldd ./configure-29388-24121.o
	linux-gate.so.1 =>  (0x003a5000)
	libc.so.6 => /lib/tls/i686/cmov/libc.so.6 (0x00dc7000)
	/lib/ld-linux.so.2 (0x00212000)

Result is: native
##########################################

============ Checking for compiler and kernel support of mmx ============

#include <stdlib.h>
#include <signal.h>
void catch() { exit(1); }
int main(void){
  signal(SIGILL, catch);
  __asm__ volatile ("emms":::"memory"); return(0);
}

cc  -fPIC -g -Wall -O9 -fexpensive-optimizations -frerun-cse-after-loop -fcse-follow-jumps -finline-functions -fschedule-insns2 -fthread-jumps -fforce-addr -fstrength-reduce -funroll-loops ./configure-10801-24121.c -o ./configure-29388-24121.o  

ldd ./configure-29388-24121.o
	linux-gate.so.1 =>  (0x00d2a000)
	libc.so.6 => /lib/tls/i686/cmov/libc.so.6 (0x004f1000)
	/lib/ld-linux.so.2 (0x0014f000)

Result is: yes
##########################################

============ Checking for compiler and kernel support of mmxext ============

#include <stdlib.h>
#include <signal.h>
void catch() { exit(1); }
int main(void){
  signal(SIGILL, catch);
  __asm__ volatile ("sfence":::"memory"); return(0);
}

cc  -fPIC -g -Wall -O9 -fexpensive-optimizations -frerun-cse-after-loop -fcse-follow-jumps -finline-functions -fschedule-insns2 -fthread-jumps -fforce-addr -fstrength-reduce -funroll-loops ./configure-10801-24121.c -o ./configure-29388-24121.o  

ldd ./configure-29388-24121.o
	linux-gate.so.1 =>  (0x00a6a000)
	libc.so.6 => /lib/tls/i686/cmov/libc.so.6 (0x00110000)
	/lib/ld-linux.so.2 (0x009f9000)

Result is: yes
##########################################

============ Checking for compiler and kernel support of 3dnow ============

#include <stdlib.h>
#include <signal.h>
void catch() { exit(1); }
int main(void){
  signal(SIGILL, catch);
  __asm__ volatile ("femms":::"memory"); return(0);
}

cc  -fPIC -g -Wall -O9 -fexpensive-optimizations -frerun-cse-after-loop -fcse-follow-jumps -finline-functions -fschedule-insns2 -fthread-jumps -fforce-addr -fstrength-reduce -funroll-loops ./configure-10801-24121.c -o ./configure-29388-24121.o  

ldd ./configure-29388-24121.o
	linux-gate.so.1 =>  (0x00af1000)
	libc.so.6 => /lib/tls/i686/cmov/libc.so.6 (0x001fa000)
	/lib/ld-linux.so.2 (0x00814000)

Result is: yes
##########################################

============ Checking for compiler and kernel support of sse ============

#include <stdlib.h>
#include <signal.h>
void catch() { exit(1); }
int main(void){
  signal(SIGILL, catch);
  __asm__ volatile ("xorps %%xmm0, %%xmm0":::"memory"); return(0);
}

cc  -fPIC -g -Wall -O9 -fexpensive-optimizations -frerun-cse-after-loop -fcse-follow-jumps -finline-functions -fschedule-insns2 -fthread-jumps -fforce-addr -fstrength-reduce -funroll-loops ./configure-10801-24121.c -o ./configure-29388-24121.o  

ldd ./configure-29388-24121.o
	linux-gate.so.1 =>  (0x00a66000)
	libc.so.6 => /lib/tls/i686/cmov/libc.so.6 (0x00b48000)
	/lib/ld-linux.so.2 (0x00afb000)

Result is: yes
##########################################

============ Checking for compiler and kernel support of sse2 ============

#include <stdlib.h>
#include <signal.h>
void catch() { exit(1); }
int main(void){
  signal(SIGILL, catch);
  __asm__ volatile ("xorpd %%xmm0, %%xmm0":::"memory"); return(0);
}

cc  -fPIC -g -Wall -O9 -fexpensive-optimizations -frerun-cse-after-loop -fcse-follow-jumps -finline-functions -fschedule-insns2 -fthread-jumps -fforce-addr -fstrength-reduce -funroll-loops ./configure-10801-24121.c -o ./configure-29388-24121.o  

ldd ./configure-29388-24121.o
	linux-gate.so.1 =>  (0x00ad6000)
	libc.so.6 => /lib/tls/i686/cmov/libc.so.6 (0x00439000)
	/lib/ld-linux.so.2 (0x00794000)

Result is: yes
##########################################

============ Checking for compiler and kernel support of cmov ============

#include <stdlib.h>
#include <signal.h>
void catch() { exit(1); }
int main(void){
  signal(SIGILL, catch);
  __asm__ volatile ("cmovb %%eax,%%ebx":::"memory"); return(0);
}

cc  -fPIC -g -Wall -O9 -fexpensive-optimizations -frerun-cse-after-loop -fcse-follow-jumps -finline-functions -fschedule-insns2 -fthread-jumps -fforce-addr -fstrength-reduce -funroll-loops ./configure-10801-24121.c -o ./configure-29388-24121.o  

ldd ./configure-29388-24121.o
	linux-gate.so.1 =>  (0x00135000)
	libc.so.6 => /lib/tls/i686/cmov/libc.so.6 (0x001f3000)
	/lib/ld-linux.so.2 (0x00fc2000)

Result is: yes
##########################################

============ Checking for xmmintrin.h ============

#include <xmmintrin.h>
int main() { _mm_sfence(); return 0; }

cc  -fPIC -g -Wall -O9 -fexpensive-optimizations -frerun-cse-after-loop -fcse-follow-jumps -finline-functions -fschedule-insns2 -fthread-jumps -fforce-addr -fstrength-reduce -funroll-loops ./configure-10801-24121.c -o ./configure-29388-24121.o  -msse

ldd ./configure-29388-24121.o
	linux-gate.so.1 =>  (0x00f6d000)
	libc.so.6 => /lib/tls/i686/cmov/libc.so.6 (0x00c69000)
	/lib/ld-linux.so.2 (0x0019d000)

Result is: yes
##########################################

============ Checking for mm3dnow.h ============

#include <mm3dnow.h>
int main() { _m_femms(); return 0; }

cc  -fPIC -g -Wall -O9 -fexpensive-optimizations -frerun-cse-after-loop -fcse-follow-jumps -finline-functions -fschedule-insns2 -fthread-jumps -fforce-addr -fstrength-reduce -funroll-loops ./configure-10801-24121.c -o ./configure-29388-24121.o  -m3dnow

ldd ./configure-29388-24121.o
	linux-gate.so.1 =>  (0x00c7f000)
	libc.so.6 => /lib/tls/i686/cmov/libc.so.6 (0x00110000)
	/lib/ld-linux.so.2 (0x0077d000)

Result is: yes
##########################################

============ Checking for Word Size ============
Result is: 32 bit
##########################################

============ Checking for Math support (-lm) ============

#include <math.h>
int main(void) { return 0; }

cc  -fPIC -g -Wall -O9 -fexpensive-optimizations -frerun-cse-after-loop -fcse-follow-jumps -finline-functions -fschedule-insns2 -fthread-jumps -fforce-addr -fstrength-reduce -funroll-loops -march=native -mtune=native ./configure-10801-24121.c -o ./configure-29388-24121.o  -Xlinker --no-undefined -lm

ldd ./configure-29388-24121.o
	linux-gate.so.1 =>  (0x00873000)
	libm.so.6 => /lib/tls/i686/cmov/libm.so.6 (0x0093a000)
	libc.so.6 => /lib/tls/i686/cmov/libc.so.6 (0x009f0000)
	/lib/ld-linux.so.2 (0x008d5000)

Result is: yes
##########################################

============ Checking for Math powl() support ============

#include <math.h>
int main(int argc, char** argv)
{
	long double a=::powl((long double) argc, (long double) argc);
	return (int) a;
}

c++  -fPIC -g -Wall -O9 -fexpensive-optimizations -frerun-cse-after-loop -fcse-follow-jumps -finline-functions -fschedule-insns2 -fthread-jumps -fforce-addr -fstrength-reduce -funroll-loops -march=native -mtune=native ./configure-10801-24121.c -o ./configure-29388-24121.o  -Xlinker --no-undefined -lm -lm

ldd ./configure-29388-24121.o
	linux-gate.so.1 =>  (0x00ac0000)
	libm.so.6 => /lib/tls/i686/cmov/libm.so.6 (0x00475000)
	libstdc++.so.6 => /usr/lib/libstdc++.so.6 (0x00110000)
	libgcc_s.so.1 => /lib/libgcc_s.so.1 (0x00a3b000)
	libc.so.6 => /lib/tls/i686/cmov/libc.so.6 (0x00dd2000)
	/lib/ld-linux.so.2 (0x004ef000)

Result is: yes
##########################################

============ Checking for Math sqrtl() support ============

#include <math.h>
int main(int argc, char** argv)
{
	long double a=::sqrtl((long double) argc);
	return (int) a;
}

c++  -fPIC -g -Wall -O9 -fexpensive-optimizations -frerun-cse-after-loop -fcse-follow-jumps -finline-functions -fschedule-insns2 -fthread-jumps -fforce-addr -fstrength-reduce -funroll-loops -march=native -mtune=native ./configure-10801-24121.c -o ./configure-29388-24121.o  -Xlinker --no-undefined -lm -lm

ldd ./configure-29388-24121.o
	linux-gate.so.1 =>  (0x00648000)
	libm.so.6 => /lib/tls/i686/cmov/libm.so.6 (0x004c1000)
	libstdc++.so.6 => /usr/lib/libstdc++.so.6 (0x00edc000)
	libgcc_s.so.1 => /lib/libgcc_s.so.1 (0x008ef000)
	libc.so.6 => /lib/tls/i686/cmov/libc.so.6 (0x00930000)
	/lib/ld-linux.so.2 (0x006df000)

Result is: yes
##########################################

============ Checking for Math log2() support ============

#include <math.h>
int main(int argc, char** argv)
{
	double a=::log2((double) argc);
	return (int) a;
}

c++  -fPIC -g -Wall -O9 -fexpensive-optimizations -frerun-cse-after-loop -fcse-follow-jumps -finline-functions -fschedule-insns2 -fthread-jumps -fforce-addr -fstrength-reduce -funroll-loops -march=native -mtune=native ./configure-10801-24121.c -o ./configure-29388-24121.o  -Xlinker --no-undefined -lm -lm

ldd ./configure-29388-24121.o
	linux-gate.so.1 =>  (0x00fe3000)
	libm.so.6 => /lib/tls/i686/cmov/libm.so.6 (0x005aa000)
	libstdc++.so.6 => /usr/lib/libstdc++.so.6 (0x008f3000)
	libgcc_s.so.1 => /lib/libgcc_s.so.1 (0x00e33000)
	libc.so.6 => /lib/tls/i686/cmov/libc.so.6 (0x00e78000)
	/lib/ld-linux.so.2 (0x00d67000)

Result is: yes
##########################################

============ Checking for Posix threads support ============

#include <pthread.h>
int main(void) { return 0; }

cc  -fPIC -g -Wall -O9 -fexpensive-optimizations -frerun-cse-after-loop -fcse-follow-jumps -finline-functions -fschedule-insns2 -fthread-jumps -fforce-addr -fstrength-reduce -funroll-loops -march=native -mtune=native ./configure-10801-24121.c -o ./configure-29388-24121.o  -Xlinker --no-undefined -lm -pthread

ldd ./configure-29388-24121.o
	linux-gate.so.1 =>  (0x00205000)
	libm.so.6 => /lib/tls/i686/cmov/libm.so.6 (0x0029b000)
	libpthread.so.0 => /lib/tls/i686/cmov/libpthread.so.0 (0x00529000)
	libc.so.6 => /lib/tls/i686/cmov/libc.so.6 (0x002c1000)
	/lib/ld-linux.so.2 (0x00bbc000)

Result is: yes
##########################################

============ Checking for AMD ACML support ============

#include <cblas.h>
void dpotrf(char uplo, int n, double *a, int lda, int *info);

int main(int argc, char** argv)
{
	char uplo = 'U';
	int info=0;
	int skip=argc;
	int n=argc; double* a=0; double* v1=0; double* v2=0;
	int lda=1;
	dpotrf(uplo, n, a, lda, &info);
	int r = cblas_ddot(n, v1, skip, v2, skip);
	return 0;
}

cc  -fPIC -g -Wall -O9 -fexpensive-optimizations -frerun-cse-after-loop -fcse-follow-jumps -finline-functions -fschedule-insns2 -fthread-jumps -fforce-addr -fstrength-reduce -funroll-loops -march=native -mtune=native -pthread ./configure-10801-24121.c -o ./configure-29388-24121.o  -Xlinker --no-undefined -lm -pthread -lacml -lcblas -lgfortran
./configure-10801-24121.c: In function ‘main’:
./configure-10801-24121.c:12: warning: unused variable ‘r’
/usr/bin/ld: cannot find -lacml
collect2: ld returned 1 exit status
no object file created

Result is: no
##########################################

============ Checking for Intel MKL support ============

#include <mkl_cblas.h>
void dpotrf(char* uplo, int* n, double* a, int* lda, int* info);

int main(int argc, char** argv)
{
	char uplo = 'U';
	int info=0;
	int skip=argc;
	int n=argc; double* a=0; double* v1=0; double* v2=0;
	int lda=1;
	dpotrf(&uplo, &n, a, &lda, &info);
	int r = cblas_ddot(n, v1, skip, v2, skip);
	return 0;
}

cc  -fPIC -g -Wall -O9 -fexpensive-optimizations -frerun-cse-after-loop -fcse-follow-jumps -finline-functions -fschedule-insns2 -fthread-jumps -fforce-addr -fstrength-reduce -funroll-loops -march=native -mtune=native -pthread ./configure-10801-24121.c -o ./configure-29388-24121.o  -Xlinker --no-undefined -lm -pthread -lmkl -lguide -lmkl_lapack
./configure-10801-24121.c:1:23: error: mkl_cblas.h: No such file or directory
./configure-10801-24121.c: In function ‘main’:
./configure-10801-24121.c:12: warning: implicit declaration of function ‘cblas_ddot’
./configure-10801-24121.c:12: warning: unused variable ‘r’
no object file created


#include <mkl_cblas.h>
void dpotrf(char* uplo, int* n, double* a, int* lda, int* info);

int main(int argc, char** argv)
{
	char uplo = 'U';
	int info=0;
	int skip=argc;
	int n=argc; double* a=0; double* v1=0; double* v2=0;
	int lda=1;
	dpotrf(&uplo, &n, a, &lda, &info);
	int r = cblas_ddot(n, v1, skip, v2, skip);
	return 0;
}

cc  -fPIC -g -Wall -O9 -fexpensive-optimizations -frerun-cse-after-loop -fcse-follow-jumps -finline-functions -fschedule-insns2 -fthread-jumps -fforce-addr -fstrength-reduce -funroll-loops -march=native -mtune=native -pthread ./configure-10801-24121.c -o ./configure-29388-24121.o  -Xlinker --no-undefined -lm -pthread -lmkl -lguide -lmkl_lapack64
./configure-10801-24121.c:1:23: error: mkl_cblas.h: No such file or directory
./configure-10801-24121.c: In function ‘main’:
./configure-10801-24121.c:12: warning: implicit declaration of function ‘cblas_ddot’
./configure-10801-24121.c:12: warning: unused variable ‘r’
no object file created

Result is: no
##########################################

============ Checking for Atlas support ============

#include <cblas.h>
#include <clapack.h>

int main(int argc, char** argv)
{
	int skip=argc;
	int n=argc; double* a=0; double* v1=0; double* v2=0;
	int result=clapack_dpotrf(CblasRowMajor, CblasUpper, n, a, n);
	int r = cblas_ddot(n, v1, skip, v2, skip);
	return 0;
}

cc  -fPIC -g -Wall -O9 -fexpensive-optimizations -frerun-cse-after-loop -fcse-follow-jumps -finline-functions -fschedule-insns2 -fthread-jumps -fforce-addr -fstrength-reduce -funroll-loops -march=native -mtune=native -pthread ./configure-10801-24121.c -o ./configure-29388-24121.o  -Xlinker --no-undefined -lm -pthread -llapack -lcblas -llapack_atlas
./configure-10801-24121.c: In function ‘main’:
./configure-10801-24121.c:9: warning: unused variable ‘r’
./configure-10801-24121.c:8: warning: unused variable ‘result’

ldd ./configure-29388-24121.o
	linux-gate.so.1 =>  (0x008f7000)
	libm.so.6 => /lib/tls/i686/cmov/libm.so.6 (0x00290000)
	liblapack.so.3gf => /usr/lib/atlas/liblapack.so.3gf (0x008f8000)
	libcblas.so.3gf => /usr/lib/libcblas.so.3gf (0x0023a000)
	liblapack_atlas.so.3gf => /usr/lib/liblapack_atlas.so.3gf (0x00110000)
	libpthread.so.0 => /lib/tls/i686/cmov/libpthread.so.0 (0x00135000)
	libc.so.6 => /lib/tls/i686/cmov/libc.so.6 (0x0031a000)
	/lib/ld-linux.so.2 (0x002fd000)
	libblas.so.3gf => /usr/lib/atlas/libblas.so.3gf (0x0045f000)
	libgfortran.so.3 => /usr/lib/libgfortran.so.3 (0x0014e000)
	libgcc_s.so.1 => /lib/libgcc_s.so.1 (0x00215000)
	libatlas.so.3gf => /usr/lib/libatlas.so.3gf (0x046ae000)
	libf77blas.so.3gf => /usr/lib/libf77blas.so.3gf (0x0025b000)

Result is: yes
##########################################

============ Checking for CPLEX support ============
Result is: no
##########################################

============ Checking for GLPK ============

#include <glpk.h>
int main()
{
glp_term_out(GLP_OFF);
LPX* lp=lpx_create_prob();
lpx_delete_prob(lp);
return 0;
}

cc  -fPIC -g -Wall -O9 -fexpensive-optimizations -frerun-cse-after-loop -fcse-follow-jumps -finline-functions -fschedule-insns2 -fthread-jumps -fforce-addr -fstrength-reduce -funroll-loops -march=native -mtune=native -pthread ./configure-10801-24121.c -o ./configure-29388-24121.o  -Xlinker --no-undefined -lm -pthread -llapack -lcblas -llapack_atlas -lglpk -lm

ldd ./configure-29388-24121.o
	linux-gate.so.1 =>  (0x00dde000)
	libm.so.6 => /lib/tls/i686/cmov/libm.so.6 (0x00bb0000)
	liblapack.so.3gf => /usr/lib/atlas/liblapack.so.3gf (0x00332000)
	libcblas.so.3gf => /usr/lib/libcblas.so.3gf (0x00110000)
	liblapack_atlas.so.3gf => /usr/lib/liblapack_atlas.so.3gf (0x00131000)
	libglpk.so.0 => /usr/lib/libglpk.so.0 (0x00156000)
	libpthread.so.0 => /lib/tls/i686/cmov/libpthread.so.0 (0x00c9b000)
	libc.so.6 => /lib/tls/i686/cmov/libc.so.6 (0x00ddf000)
	/lib/ld-linux.so.2 (0x00c75000)
	libblas.so.3gf => /usr/lib/atlas/libblas.so.3gf (0x00f24000)
	libgfortran.so.3 => /usr/lib/libgfortran.so.3 (0x0021d000)
	libgcc_s.so.1 => /lib/libgcc_s.so.1 (0x002e4000)
	libatlas.so.3gf => /usr/lib/libatlas.so.3gf (0x05248000)
	libf77blas.so.3gf => /usr/lib/libf77blas.so.3gf (0x00302000)
	libltdl.so.7 => /usr/lib/libltdl.so.7 (0x00c36000)
	libdl.so.2 => /lib/tls/i686/cmov/libdl.so.2 (0x0031f000)
	libz.so.1 => /lib/libz.so.1 (0x00cd5000)
	libgmp.so.3 => /usr/lib/libgmp.so.3 (0x00aa5000)

Result is: yes
##########################################

============ Checking for lzo ============

#include "lzo/lzoconf.h"
#include "lzo/lzo1x.h"
int main(int argc, char** argv)
{
    volatile lzo_bytep in;
	volatile lzo_uint in_len;
    return (lzo_init() != LZO_E_OK) ? 1 : 0;
}

cc  -fPIC -g -Wall -O9 -fexpensive-optimizations -frerun-cse-after-loop -fcse-follow-jumps -finline-functions -fschedule-insns2 -fthread-jumps -fforce-addr -fstrength-reduce -funroll-loops -march=native -mtune=native -pthread ./configure-10801-24121.c -o ./configure-29388-24121.o  -Xlinker --no-undefined -lm -pthread -llapack -lcblas -llapack_atlas -lglpk -lm -llzo2
./configure-10801-24121.c:1:25: error: lzo/lzoconf.h: No such file or directory
./configure-10801-24121.c:2:23: error: lzo/lzo1x.h: No such file or directory
./configure-10801-24121.c: In function ‘main’:
./configure-10801-24121.c:5: error: expected ‘=’, ‘,’, ‘;’, ‘asm’ or ‘__attribute__’ before ‘in’
./configure-10801-24121.c:5: error: ‘in’ undeclared (first use in this function)
./configure-10801-24121.c:5: error: (Each undeclared identifier is reported only once
./configure-10801-24121.c:5: error: for each function it appears in.)
./configure-10801-24121.c:6: error: expected ‘=’, ‘,’, ‘;’, ‘asm’ or ‘__attribute__’ before ‘in_len’
./configure-10801-24121.c:6: error: ‘in_len’ undeclared (first use in this function)
./configure-10801-24121.c:7: warning: implicit declaration of function ‘lzo_init’
./configure-10801-24121.c:7: error: ‘LZO_E_OK’ undeclared (first use in this function)
no object file created

Result is: no
##########################################

============ Checking for gzip ============

#include <zlib.h>
int main(int argc, char** argv)
{
	uLongf l=argc;
	return (compress2((Bytef*) argv, &l, (Bytef*) argv, l, argc) != Z_OK);
}

cc  -fPIC -g -Wall -O9 -fexpensive-optimizations -frerun-cse-after-loop -fcse-follow-jumps -finline-functions -fschedule-insns2 -fthread-jumps -fforce-addr -fstrength-reduce -funroll-loops -march=native -mtune=native -pthread ./configure-10801-24121.c -o ./configure-29388-24121.o  -Xlinker --no-undefined -lm -pthread -llapack -lcblas -llapack_atlas -lglpk -lm -lz
./configure-10801-24121.c:1:18: error: zlib.h: No such file or directory
./configure-10801-24121.c: In function ‘main’:
./configure-10801-24121.c:4: error: ‘uLongf’ undeclared (first use in this function)
./configure-10801-24121.c:4: error: (Each undeclared identifier is reported only once
./configure-10801-24121.c:4: error: for each function it appears in.)
./configure-10801-24121.c:4: error: expected ‘;’ before ‘l’
./configure-10801-24121.c:5: warning: implicit declaration of function ‘compress2’
./configure-10801-24121.c:5: error: ‘Bytef’ undeclared (first use in this function)
./configure-10801-24121.c:5: error: expected expression before ‘)’ token
./configure-10801-24121.c:5: error: ‘Z_OK’ undeclared (first use in this function)
no object file created

Result is: no
##########################################

============ Checking for bzip2 ============

#include <bzlib.h>
int main(int argc, char** argv)
{
	bz_stream* strm=NULL;
	return BZ2_bzCompress(strm, argc);
}

cc  -fPIC -g -Wall -O9 -fexpensive-optimizations -frerun-cse-after-loop -fcse-follow-jumps -finline-functions -fschedule-insns2 -fthread-jumps -fforce-addr -fstrength-reduce -funroll-loops -march=native -mtune=native -pthread ./configure-10801-24121.c -o ./configure-29388-24121.o  -Xlinker --no-undefined -lm -pthread -llapack -lcblas -llapack_atlas -lglpk -lm -lbz2
./configure-10801-24121.c:1:19: error: bzlib.h: No such file or directory
./configure-10801-24121.c: In function ‘main’:
./configure-10801-24121.c:4: error: ‘bz_stream’ undeclared (first use in this function)
./configure-10801-24121.c:4: error: (Each undeclared identifier is reported only once
./configure-10801-24121.c:4: error: for each function it appears in.)
./configure-10801-24121.c:4: error: ‘strm’ undeclared (first use in this function)
./configure-10801-24121.c:4: error: ‘NULL’ undeclared (first use in this function)
./configure-10801-24121.c:5: warning: implicit declaration of function ‘BZ2_bzCompress’
no object file created

Result is: no
##########################################

============ Checking for lzma ============

#include <lzma.h>
int main(int argc, char** argv)
{
	return (int) lzma_stream_buffer_bound((size_t) argc) ;
}

cc  -fPIC -g -Wall -O9 -fexpensive-optimizations -frerun-cse-after-loop -fcse-follow-jumps -finline-functions -fschedule-insns2 -fthread-jumps -fforce-addr -fstrength-reduce -funroll-loops -march=native -mtune=native -pthread ./configure-10801-24121.c -o ./configure-29388-24121.o  -Xlinker --no-undefined -lm -pthread -llapack -lcblas -llapack_atlas -lglpk -lm -llzma
./configure-10801-24121.c:1:18: error: lzma.h: No such file or directory
./configure-10801-24121.c: In function ‘main’:
./configure-10801-24121.c:4: warning: implicit declaration of function ‘lzma_stream_buffer_bound’
./configure-10801-24121.c:4: error: ‘size_t’ undeclared (first use in this function)
./configure-10801-24121.c:4: error: (Each undeclared identifier is reported only once
./configure-10801-24121.c:4: error: for each function it appears in.)
./configure-10801-24121.c:4: error: expected ‘)’ before ‘argc’
no object file created

Result is: no
##########################################

============ Checking for libshogun ============
Result is: yes (internal in source tree)
##########################################

============ Checking for libshogunui ============
Result is: yes (internal in source tree)
##########################################

============ Checking for Readline support ============

#include <readline/readline.h>
int main(void) { return 0; }

cc -I. -I.. -I. -I..  -fPIC -g -Wall -O9 -fexpensive-optimizations -frerun-cse-after-loop -fcse-follow-jumps -finline-functions -fschedule-insns2 -fthread-jumps -fforce-addr -fstrength-reduce -funroll-loops -march=native -mtune=native -pthread ./configure-10801-24121.c -o ./configure-29388-24121.o  -Xlinker --no-undefined -lm -pthread -llapack -lcblas -llapack_atlas -lglpk -lm -lreadline
./configure-10801-24121.c:1:31: error: readline/readline.h: No such file or directory
no object file created

Result is: no
##########################################

============ Checking for Python numpy support ============
Result is: 1.3.0
##########################################

============ Checking for Python/Python Numpy Developer Files ============

#include <Python.h>
#include <stdlib.h>
#include <numpy/arrayobject.h>

PyMODINIT_FUNC initsg(void)
{
	double* array=(double*) malloc(10*sizeof(double));
	npy_intp* dims=(npy_intp*) malloc(sizeof(npy_int));
	dims[0]=10;
	Py_Initialize();
	PyObject* outArray = PyArray_SimpleNewFromData(1, dims, NPY_DOUBLE, (void*)array);
}

PyMODINIT_FUNC initsg(void);

cc -I. -I.. -I. -I..  -fPIC -g -Wall -O9 -fexpensive-optimizations -frerun-cse-after-loop -fcse-follow-jumps -finline-functions -fschedule-insns2 -fthread-jumps -fforce-addr -fstrength-reduce -funroll-loops -march=native -mtune=native -pthread ./configure-10801-24121.c -o ./configure-29388-24121.o  -Xlinker --no-undefined -lm -pthread -llapack -lcblas -llapack_atlas -lglpk -lm -fno-strict-aliasing -fPIC -I/usr/include/python2.5 -I/usr/lib/python2.5/site-packages/numpy/core/include -shared -lpython2.5
./configure-10801-24121.c: In function ‘initsg’:
./configure-10801-24121.c:11: warning: unused variable ‘outArray’
./configure-10801-24121.c: At top level:
/usr/include/python2.5/numpy/__multiarray_api.h:968: warning: ‘_import_array’ defined but not used

ldd ./configure-29388-24121.o
	linux-gate.so.1 =>  (0x00e6f000)
	libm.so.6 => /lib/tls/i686/cmov/libm.so.6 (0x0032c000)
	liblapack.so.3gf => /usr/lib/atlas/liblapack.so.3gf (0x00e70000)
	libcblas.so.3gf => /usr/lib/libcblas.so.3gf (0x005a5000)
	liblapack_atlas.so.3gf => /usr/lib/liblapack_atlas.so.3gf (0x002c2000)
	libglpk.so.0 => /usr/lib/libglpk.so.0 (0x00b9d000)
	libpython2.5.so.1.0 => /usr/lib/libpython2.5.so.1.0 (0x00628000)
	libpthread.so.0 => /lib/tls/i686/cmov/libpthread.so.0 (0x00110000)
	libc.so.6 => /lib/tls/i686/cmov/libc.so.6 (0x00129000)
	/lib/ld-linux.so.2 (0x00a81000)
	libblas.so.3gf => /usr/lib/atlas/libblas.so.3gf (0x04844000)
	libgfortran.so.3 => /usr/lib/libgfortran.so.3 (0x00352000)
	libgcc_s.so.1 => /lib/libgcc_s.so.1 (0x00ab1000)
	libatlas.so.3gf => /usr/lib/libatlas.so.3gf (0x03e1b000)
	libf77blas.so.3gf => /usr/lib/libf77blas.so.3gf (0x00a0a000)
	libltdl.so.7 => /usr/lib/libltdl.so.7 (0x0026e000)
	libdl.so.2 => /lib/tls/i686/cmov/libdl.so.2 (0x00278000)
	libz.so.1 => /lib/libz.so.1 (0x0027c000)
	libgmp.so.3 => /usr/lib/libgmp.so.3 (0x00460000)
	libutil.so.1 => /lib/tls/i686/cmov/libutil.so.1 (0x00292000)

Result is: yes
##########################################

============ Checking for Octave ============
Result is: no
##########################################

============ Checking for R ============
Result is: no
##########################################

============ Checking for Matlab ============
Result is: 7.8.0.347 (R2009a)
##########################################

============ Checking for Matlab developer support (-lmx -lmex -lmat) ============

#include <mex.h>
#include <mexversion.c>
void mexFunction(int nlhs,mxArray *plhs[],int nrhs,const mxArray *prhs[])
{

}

int main(void) { return 0; }

cc -I. -I.. -I. -I..  -fPIC -g -Wall -O9 -fexpensive-optimizations -frerun-cse-after-loop -fcse-follow-jumps -finline-functions -fschedule-insns2 -fthread-jumps -fforce-addr -fstrength-reduce -funroll-loops -march=native -mtune=native -pthread ./configure-10801-24121.c -o ./configure-29388-24121.o  -Xlinker --no-undefined -lm -pthread -llapack -lcblas -llapack_atlas -lglpk -lm -I/usr/local/matlabr2009a/extern/include -I/usr/local/matlabr2009a/extern/src -shared -Wl,--version-script,/usr/local/matlabr2009a/extern/lib/glnx86/mexFunction.map -Wl,--rpath-link,/usr/local/matlabr2009a/extern/lib/glnx86 -L/usr/local/matlabr2009a/bin/glnx86 -lmx -lmex -lmat

ldd ./configure-29388-24121.o
	linux-gate.so.1 =>  (0x0084f000)
	libm.so.6 => /lib/tls/i686/cmov/libm.so.6 (0x00fa3000)
	liblapack.so.3gf => /usr/lib/atlas/liblapack.so.3gf (0x00fc9000)
	libcblas.so.3gf => /usr/lib/libcblas.so.3gf (0x00e3f000)
	liblapack_atlas.so.3gf => /usr/lib/liblapack_atlas.so.3gf (0x00ad5000)
	libglpk.so.0 => /usr/lib/libglpk.so.0 (0x002b5000)
	libmx.so => not found
	libmex.so => not found
	libmat.so => not found
	libpthread.so.0 => /lib/tls/i686/cmov/libpthread.so.0 (0x00110000)
	libc.so.6 => /lib/tls/i686/cmov/libc.so.6 (0x00ccb000)
	/lib/ld-linux.so.2 (0x0082e000)
	libblas.so.3gf => /usr/lib/atlas/libblas.so.3gf (0x003f8000)
	libgfortran.so.3 => /usr/lib/libgfortran.so.3 (0x00129000)
	libgcc_s.so.1 => /lib/libgcc_s.so.1 (0x0090e000)
	libatlas.so.3gf => /usr/lib/libatlas.so.3gf (0xb7586000)
	libf77blas.so.3gf => /usr/lib/libf77blas.so.3gf (0x008de000)
	libltdl.so.7 => /usr/lib/libltdl.so.7 (0x001f0000)
	libdl.so.2 => /lib/tls/i686/cmov/libdl.so.2 (0x001fa000)
	libz.so.1 => /lib/libz.so.1 (0x00e75000)
	libgmp.so.3 => /usr/lib/libgmp.so.3 (0x001fe000)

Result is: yes
##########################################

============ Checking for SWIG ============
Result is: no
##########################################

